Using pre-set license
Built from '2020.3/staging' branch; Version is '2020.3.0f1 (c7b5465681fb) revision 13088070'; Using compiler version '192528614'; Build Type 'Release'
OS: 'Windows 10 Home Single Language; OS build 19045.3570; Version 2009; 64bit' Language: 'es' Physical Memory: 16252 MB
BatchMode: 1, IsHumanControllingUs: 0, StartBugReporterOnCrash: 0, Is64bit: 1, IsPro: 0

 COMMAND LINE ARGUMENTS:
C:\Program Files\Unity\Hub\Editor\2020.3.0f1\Editor\Unity.exe
-adb2
-batchMode
-noUpm
-name
AssetImportWorker0
-projectPath
D:/Usuario/Juan P/Diplomado/CH2_S04/Ejercicio3D/Prueba3D_01
-logFile
Logs/AssetImportWorker0.log
-srvPort
54327
Successfully changed project path to: D:/Usuario/Juan P/Diplomado/CH2_S04/Ejercicio3D/Prueba3D_01
D:/Usuario/Juan P/Diplomado/CH2_S04/Ejercicio3D/Prueba3D_01
Using Asset Import Pipeline V2.
Refreshing native plugins compatible for Editor in 35.18 ms, found 0 plugins.
Preloading 0 native plugins for Editor in 0.00 ms.
Initialize engine version: 2020.3.0f1 (c7b5465681fb)
[Subsystems] Discovering subsystems at path C:/Program Files/Unity/Hub/Editor/2020.3.0f1/Editor/Data/Resources/UnitySubsystems
[Subsystems] Discovering subsystems at path D:/Usuario/Juan P/Diplomado/CH2_S04/Ejercicio3D/Prueba3D_01/Assets
GfxDevice: creating device client; threaded=0
Direct3D:
    Version:  Direct3D 11.0 [level 11.0]
    Renderer: NVIDIA GeForce 940MX (ID=0x134d)
    Vendor:   
    VRAM:     2010 MB
    Driver:   27.21.14.5709
Initialize mono
Mono path[0] = 'C:/Program Files/Unity/Hub/Editor/2020.3.0f1/Editor/Data/Managed'
Mono path[1] = 'C:/Program Files/Unity/Hub/Editor/2020.3.0f1/Editor/Data/MonoBleedingEdge/lib/mono/unityjit'
Mono config path = 'C:/Program Files/Unity/Hub/Editor/2020.3.0f1/Editor/Data/MonoBleedingEdge/etc'
Using monoOptions --debugger-agent=transport=dt_socket,embedding=1,server=y,suspend=n,address=127.0.0.1:56272
Begin MonoManager ReloadAssembly
Registering precompiled unity dll's ...
Register platform support module: C:/Program Files/Unity/Hub/Editor/2020.3.0f1/Editor/Data/PlaybackEngines/WindowsStandaloneSupport/UnityEditor.WindowsStandalone.Extensions.dll
Registered in 0.003899 seconds.
Native extension for WindowsStandalone target not found
Refreshing native plugins compatible for Editor in 38.33 ms, found 0 plugins.
Preloading 0 native plugins for Editor in 0.00 ms.
Invoked RoslynAnalysisRunner static constructor.
RoslynAnalysisRunner will not be running.
RoslynAnalysisRunner has terminated.
Mono: successfully reloaded assembly
- Completed reload, in  1.722 seconds
Platform modules already initialized, skipping
Registering precompiled user dll's ...
Registered in 0.001119 seconds.
Begin MonoManager ReloadAssembly
Native extension for WindowsStandalone target not found
Refreshing native plugins compatible for Editor in 0.24 ms, found 0 plugins.
Preloading 0 native plugins for Editor in 0.00 ms.
Invoked RoslynAnalysisRunner static constructor.
RoslynAnalysisRunner will not be running.
RoslynAnalysisRunner has terminated.
Mono: successfully reloaded assembly
- Completed reload, in  1.262 seconds
Platform modules already initialized, skipping
========================================================================
Worker process is ready to serve import requests
Shader 'SimpleURPToonLitExample(With Outline)': fallback shader 'Hidden/Universal Render Pipeline/FallbackError' not found
Shader 'SimpleURPToonLitExample(With Outline)': fallback shader 'Hidden/Universal Render Pipeline/FallbackError' not found
Launched and connected shader compiler UnityShaderCompiler.exe after 0.06 seconds
Refreshing native plugins compatible for Editor in 0.23 ms, found 0 plugins.
Preloading 0 native plugins for Editor in 0.00 ms.
Unloading 1128 Unused Serialized files (Serialized files now loaded: 0)
System memory in use before: 58.3 MB.
System memory in use after: 58.2 MB.

Unloading 11 unused Assets to reduce memory usage. Loaded Objects now: 1572.
Total: 5.145900 ms (FindLiveObjects: 0.907300 ms CreateObjectMapping: 0.123900 ms MarkObjects: 3.923300 ms  DeleteObjects: 0.189500 ms)

========================================================================
Received Import Request.
  path: Assets/Scenes/Corutinas.unity
  artifactKey: Guid(3abe8a47b19e8c041b8768ca605d3dc8) Importer(815301076,1909f56bfc062723c751e8b465ee728b)
Start importing Assets/Scenes/Corutinas.unity using Guid(3abe8a47b19e8c041b8768ca605d3dc8) Importer(815301076,1909f56bfc062723c751e8b465ee728b)  -> (artifact id: 'e169efe55c9e53fc8dece9911aaf0146') in 0.025142 seconds
  Import took 0.027660 seconds .

========================================================================
Received Import Request.
  Time since last request: 5.090379 seconds.
  path: Assets/Scenes/SampleScene
  artifactKey: Guid(519d47fb990035242bf7a943a489dd80) Importer(815301076,1909f56bfc062723c751e8b465ee728b)
Start importing Assets/Scenes/SampleScene using Guid(519d47fb990035242bf7a943a489dd80) Importer(815301076,1909f56bfc062723c751e8b465ee728b)  -> (artifact id: '02a08ea4d1ac6b79c2ef624fbf670ab7') in 0.021121 seconds
  Import took 0.024292 seconds .

========================================================================
Received Import Request.
  Time since last request: 0.055793 seconds.
  path: Assets/Scenes/SampleScene/NavMesh.asset
  artifactKey: Guid(1dd678756630393499661ab633867cbb) Importer(815301076,1909f56bfc062723c751e8b465ee728b)
Start importing Assets/Scenes/SampleScene/NavMesh.asset using Guid(1dd678756630393499661ab633867cbb) Importer(815301076,1909f56bfc062723c751e8b465ee728b)  -> (artifact id: '834e89177858b5058c9e37cf0b3780c3') in 0.099628 seconds
  Import took 0.102125 seconds .

========================================================================
Received Import Request.
  Time since last request: 17.388740 seconds.
  path: Assets/Materials/Amarillo.mat
  artifactKey: Guid(c6bdb9dd57c3b1b46818015bc5ca1382) Importer(815301076,1909f56bfc062723c751e8b465ee728b)
Start importing Assets/Materials/Amarillo.mat using Guid(c6bdb9dd57c3b1b46818015bc5ca1382) Importer(815301076,1909f56bfc062723c751e8b465ee728b)  -> (artifact id: 'f74183114e15bb8bec4b0e721d504019') in 0.146313 seconds
  Import took 0.150601 seconds .

========================================================================
Received Import Request.
  Time since last request: 579.925903 seconds.
  path: Assets/Materials/Amarillo.mat
  artifactKey: Guid(c6bdb9dd57c3b1b46818015bc5ca1382) Importer(815301076,1909f56bfc062723c751e8b465ee728b)
Start importing Assets/Materials/Amarillo.mat using Guid(c6bdb9dd57c3b1b46818015bc5ca1382) Importer(815301076,1909f56bfc062723c751e8b465ee728b)  -> (artifact id: '74006cf2f6b05d988ceda9de87c9ef1d') in 0.029728 seconds
  Import took 0.032987 seconds .

========================================================================
Received Import Request.
  Time since last request: 0.000284 seconds.
  path: Assets/Materials/Azul.mat
  artifactKey: Guid(205383742c9f3ae4a97264f6bc83e7a1) Importer(815301076,1909f56bfc062723c751e8b465ee728b)
Start importing Assets/Materials/Azul.mat using Guid(205383742c9f3ae4a97264f6bc83e7a1) Importer(815301076,1909f56bfc062723c751e8b465ee728b)  -> (artifact id: 'a6870962d5ebccd5f3e39978f0271f34') in 0.034254 seconds
  Import took 0.037965 seconds .

========================================================================
Received Import Request.
  Time since last request: 202.247903 seconds.
  path: Assets/Scripts/Score.cs
  artifactKey: Guid(b83e81d70bb31b3479bc5d9e9a9b0e55) Importer(815301076,1909f56bfc062723c751e8b465ee728b)
Start importing Assets/Scripts/Score.cs using Guid(b83e81d70bb31b3479bc5d9e9a9b0e55) Importer(815301076,1909f56bfc062723c751e8b465ee728b)  -> (artifact id: '3f581794e3e6478eced29b27e5fe139b') in 0.038686 seconds
  Import took 0.044388 seconds .

========================================================================
Received Import Request.
  Time since last request: 0.003974 seconds.
  path: Assets/Scripts/Score.cs
  artifactKey: Guid(b83e81d70bb31b3479bc5d9e9a9b0e55) Importer(815301076,1909f56bfc062723c751e8b465ee728b)
Start importing Assets/Scripts/Score.cs using Guid(b83e81d70bb31b3479bc5d9e9a9b0e55) Importer(815301076,1909f56bfc062723c751e8b465ee728b)  -> (artifact id: '3f581794e3e6478eced29b27e5fe139b') in 0.004403 seconds
  Import took 0.009939 seconds .

========================================================================
Received Import Request.
  Time since last request: 601.850888 seconds.
  path: Assets/Scripts/CambiarColor.cs
  artifactKey: Guid(7b20793c250fc074da0473793734e13e) Importer(815301076,1909f56bfc062723c751e8b465ee728b)
Start importing Assets/Scripts/CambiarColor.cs using Guid(7b20793c250fc074da0473793734e13e) Importer(815301076,1909f56bfc062723c751e8b465ee728b)  -> (artifact id: 'b2193cead074ee0e780238388c3e3dc6') in 0.019936 seconds
  Import took 0.023181 seconds .

========================================================================
Received Import Request.
  Time since last request: 0.000921 seconds.
  path: Assets/Scripts/CambiarColor.cs
  artifactKey: Guid(7b20793c250fc074da0473793734e13e) Importer(815301076,1909f56bfc062723c751e8b465ee728b)
Start importing Assets/Scripts/CambiarColor.cs using Guid(7b20793c250fc074da0473793734e13e) Importer(815301076,1909f56bfc062723c751e8b465ee728b)  -> (artifact id: 'b2193cead074ee0e780238388c3e3dc6') in 0.003857 seconds
  Import took 0.007880 seconds .

========================================================================
Received Prepare
Registering precompiled user dll's ...
Registered in 0.001203 seconds.
Begin MonoManager ReloadAssembly
Native extension for WindowsStandalone target not found
Refreshing native plugins compatible for Editor in 0.23 ms, found 0 plugins.
Preloading 0 native plugins for Editor in 0.00 ms.
Invoked RoslynAnalysisRunner static constructor.
RoslynAnalysisRunner will not be running.
RoslynAnalysisRunner has terminated.
Mono: successfully reloaded assembly
- Completed reload, in  1.309 seconds
Platform modules already initialized, skipping
Shader 'SimpleURPToonLitExample(With Outline)': fallback shader 'Hidden/Universal Render Pipeline/FallbackError' not found
Shader 'SimpleURPToonLitExample(With Outline)': fallback shader 'Hidden/Universal Render Pipeline/FallbackError' not found
Refreshing native plugins compatible for Editor in 2.51 ms, found 0 plugins.
Preloading 0 native plugins for Editor in 0.00 ms.
Unloading 1124 Unused Serialized files (Serialized files now loaded: 0)
System memory in use before: 61.5 MB.
System memory in use after: 61.5 MB.

Unloading 7 unused Assets to reduce memory usage. Loaded Objects now: 1617.
Total: 2.089500 ms (FindLiveObjects: 0.247400 ms CreateObjectMapping: 0.086000 ms MarkObjects: 1.635600 ms  DeleteObjects: 0.118800 ms)

========================================================================
Received Import Request.
  Time since last request: 137.703426 seconds.
  path: ProjectSettings/TagManager.asset
  artifactKey: Guid(00000000000000003000000000000000) Importer(815301076,1909f56bfc062723c751e8b465ee728b)
Start importing ProjectSettings/TagManager.asset using Guid(00000000000000003000000000000000) Importer(815301076,1909f56bfc062723c751e8b465ee728b)  -> (artifact id: '0a90fc1cbc98f33f5a67db0b209e3630') in 0.027426 seconds
  Import took 0.032376 seconds .

========================================================================
Received Prepare
Registering precompiled user dll's ...
Registered in 0.001770 seconds.
Begin MonoManager ReloadAssembly
Native extension for WindowsStandalone target not found
Refreshing native plugins compatible for Editor in 0.30 ms, found 0 plugins.
Preloading 0 native plugins for Editor in 0.00 ms.
Invoked RoslynAnalysisRunner static constructor.
RoslynAnalysisRunner will not be running.
RoslynAnalysisRunner has terminated.
Mono: successfully reloaded assembly
- Completed reload, in  2.531 seconds
Platform modules already initialized, skipping
Shader 'SimpleURPToonLitExample(With Outline)': fallback shader 'Hidden/Universal Render Pipeline/FallbackError' not found
Shader 'SimpleURPToonLitExample(With Outline)': fallback shader 'Hidden/Universal Render Pipeline/FallbackError' not found
Refreshing native plugins compatible for Editor in 0.54 ms, found 0 plugins.
Preloading 0 native plugins for Editor in 0.00 ms.
Unloading 1124 Unused Serialized files (Serialized files now loaded: 0)
System memory in use before: 61.6 MB.
System memory in use after: 61.6 MB.

Unloading 7 unused Assets to reduce memory usage. Loaded Objects now: 1620.
Total: 2.902600 ms (FindLiveObjects: 0.262200 ms CreateObjectMapping: 0.097000 ms MarkObjects: 2.358800 ms  DeleteObjects: 0.182500 ms)

========================================================================
Received Prepare
Registering precompiled user dll's ...
Registered in 0.001230 seconds.
Begin MonoManager ReloadAssembly
Native extension for WindowsStandalone target not found
Refreshing native plugins compatible for Editor in 0.51 ms, found 0 plugins.
Preloading 0 native plugins for Editor in 0.00 ms.
Invoked RoslynAnalysisRunner static constructor.
RoslynAnalysisRunner will not be running.
RoslynAnalysisRunner has terminated.
Mono: successfully reloaded assembly
- Completed reload, in  2.142 seconds
Platform modules already initialized, skipping
Shader 'SimpleURPToonLitExample(With Outline)': fallback shader 'Hidden/Universal Render Pipeline/FallbackError' not found
Shader 'SimpleURPToonLitExample(With Outline)': fallback shader 'Hidden/Universal Render Pipeline/FallbackError' not found
Refreshing native plugins compatible for Editor in 0.35 ms, found 0 plugins.
Preloading 0 native plugins for Editor in 0.00 ms.
Unloading 1124 Unused Serialized files (Serialized files now loaded: 0)
System memory in use before: 61.6 MB.
System memory in use after: 61.6 MB.

Unloading 6 unused Assets to reduce memory usage. Loaded Objects now: 1623.
Total: 3.218800 ms (FindLiveObjects: 0.257300 ms CreateObjectMapping: 0.228000 ms MarkObjects: 2.562300 ms  DeleteObjects: 0.169100 ms)

========================================================================
Received Import Request.
  Time since last request: 223.605809 seconds.
  path: Assets/Scripts/CambiarColor.cs
  artifactKey: Guid(7b20793c250fc074da0473793734e13e) Importer(815301076,1909f56bfc062723c751e8b465ee728b)
Start importing Assets/Scripts/CambiarColor.cs using Guid(7b20793c250fc074da0473793734e13e) Importer(815301076,1909f56bfc062723c751e8b465ee728b)  -> (artifact id: 'bce4bcb5cc082eeb3e2a4aeb43760747') in 0.044583 seconds
  Import took 0.051977 seconds .

========================================================================
Received Import Request.
  Time since last request: 74.087801 seconds.
  path: Assets/Scripts/CambiarColor 1.cs
  artifactKey: Guid(a20e00df6c2ce354f94463992d4547f9) Importer(815301076,1909f56bfc062723c751e8b465ee728b)
Start importing Assets/Scripts/CambiarColor 1.cs using Guid(a20e00df6c2ce354f94463992d4547f9) Importer(815301076,1909f56bfc062723c751e8b465ee728b)  -> (artifact id: '88cf27219b079d994ecb4fab6b1db87a') in 0.018772 seconds
  Import took 0.050040 seconds .

========================================================================
Received Prepare
Registering precompiled user dll's ...
Registered in 0.000835 seconds.
Begin MonoManager ReloadAssembly
Native extension for WindowsStandalone target not found
Refreshing native plugins compatible for Editor in 0.23 ms, found 0 plugins.
Preloading 0 native plugins for Editor in 0.00 ms.
Invoked RoslynAnalysisRunner static constructor.
RoslynAnalysisRunner will not be running.
RoslynAnalysisRunner has terminated.
Mono: successfully reloaded assembly
- Completed reload, in  1.316 seconds
Platform modules already initialized, skipping
Shader 'SimpleURPToonLitExample(With Outline)': fallback shader 'Hidden/Universal Render Pipeline/FallbackError' not found
Shader 'SimpleURPToonLitExample(With Outline)': fallback shader 'Hidden/Universal Render Pipeline/FallbackError' not found
Refreshing native plugins compatible for Editor in 0.26 ms, found 0 plugins.
Preloading 0 native plugins for Editor in 0.00 ms.
Unloading 1124 Unused Serialized files (Serialized files now loaded: 0)
System memory in use before: 61.6 MB.
System memory in use after: 61.6 MB.

Unloading 6 unused Assets to reduce memory usage. Loaded Objects now: 1626.
Total: 3.599500 ms (FindLiveObjects: 0.243400 ms CreateObjectMapping: 0.414100 ms MarkObjects: 2.793200 ms  DeleteObjects: 0.147100 ms)

========================================================================
Received Prepare
Registering precompiled user dll's ...
Registered in 0.000841 seconds.
Begin MonoManager ReloadAssembly
Native extension for WindowsStandalone target not found
Refreshing native plugins compatible for Editor in 0.23 ms, found 0 plugins.
Preloading 0 native plugins for Editor in 0.00 ms.
Invoked RoslynAnalysisRunner static constructor.
RoslynAnalysisRunner will not be running.
RoslynAnalysisRunner has terminated.
Mono: successfully reloaded assembly
- Completed reload, in  1.520 seconds
Platform modules already initialized, skipping
Shader 'SimpleURPToonLitExample(With Outline)': fallback shader 'Hidden/Universal Render Pipeline/FallbackError' not found
Shader 'SimpleURPToonLitExample(With Outline)': fallback shader 'Hidden/Universal Render Pipeline/FallbackError' not found
Refreshing native plugins compatible for Editor in 0.37 ms, found 0 plugins.
Preloading 0 native plugins for Editor in 0.00 ms.
Unloading 1123 Unused Serialized files (Serialized files now loaded: 0)
System memory in use before: 61.6 MB.
System memory in use after: 61.6 MB.

Unloading 7 unused Assets to reduce memory usage. Loaded Objects now: 1628.
Total: 2.227900 ms (FindLiveObjects: 0.160300 ms CreateObjectMapping: 0.049700 ms MarkObjects: 1.887900 ms  DeleteObjects: 0.128100 ms)

========================================================================
Received Prepare
Registering precompiled user dll's ...
Registered in 0.000853 seconds.
Begin MonoManager ReloadAssembly
Native extension for WindowsStandalone target not found
Refreshing native plugins compatible for Editor in 0.22 ms, found 0 plugins.
Preloading 0 native plugins for Editor in 0.00 ms.
Invoked RoslynAnalysisRunner static constructor.
RoslynAnalysisRunner will not be running.
RoslynAnalysisRunner has terminated.
Mono: successfully reloaded assembly
- Completed reload, in  1.458 seconds
Platform modules already initialized, skipping
Shader 'SimpleURPToonLitExample(With Outline)': fallback shader 'Hidden/Universal Render Pipeline/FallbackError' not found
Shader 'SimpleURPToonLitExample(With Outline)': fallback shader 'Hidden/Universal Render Pipeline/FallbackError' not found
Refreshing native plugins compatible for Editor in 0.28 ms, found 0 plugins.
Preloading 0 native plugins for Editor in 0.00 ms.
Unloading 1124 Unused Serialized files (Serialized files now loaded: 0)
System memory in use before: 61.6 MB.
System memory in use after: 61.6 MB.

Unloading 6 unused Assets to reduce memory usage. Loaded Objects now: 1632.
Total: 3.531500 ms (FindLiveObjects: 0.203600 ms CreateObjectMapping: 0.046900 ms MarkObjects: 1.936900 ms  DeleteObjects: 1.342300 ms)

========================================================================
Received Prepare
Registering precompiled user dll's ...
Registered in 0.001275 seconds.
Begin MonoManager ReloadAssembly
Native extension for WindowsStandalone target not found
Refreshing native plugins compatible for Editor in 0.22 ms, found 0 plugins.
Preloading 0 native plugins for Editor in 0.00 ms.
Invoked RoslynAnalysisRunner static constructor.
RoslynAnalysisRunner will not be running.
RoslynAnalysisRunner has terminated.
Mono: successfully reloaded assembly
- Completed reload, in  1.338 seconds
Platform modules already initialized, skipping
Shader 'SimpleURPToonLitExample(With Outline)': fallback shader 'Hidden/Universal Render Pipeline/FallbackError' not found
Shader 'SimpleURPToonLitExample(With Outline)': fallback shader 'Hidden/Universal Render Pipeline/FallbackError' not found
Refreshing native plugins compatible for Editor in 0.34 ms, found 0 plugins.
Preloading 0 native plugins for Editor in 0.00 ms.
Unloading 1124 Unused Serialized files (Serialized files now loaded: 0)
System memory in use before: 61.6 MB.
System memory in use after: 61.6 MB.

Unloading 6 unused Assets to reduce memory usage. Loaded Objects now: 1635.
Total: 2.831600 ms (FindLiveObjects: 0.261200 ms CreateObjectMapping: 0.080400 ms MarkObjects: 2.374600 ms  DeleteObjects: 0.113900 ms)

========================================================================
Received Import Request.
  Time since last request: 977.193544 seconds.
  path: ProjectSettings/TagManager.asset
  artifactKey: Guid(00000000000000003000000000000000) Importer(815301076,1909f56bfc062723c751e8b465ee728b)
Start importing ProjectSettings/TagManager.asset using Guid(00000000000000003000000000000000) Importer(815301076,1909f56bfc062723c751e8b465ee728b)  -> (artifact id: 'c5e726bcddd3c8d3416f86b2c245c57d') in 0.018171 seconds
  Import took 0.021350 seconds .

========================================================================
Received Prepare
Registering precompiled user dll's ...
Registered in 0.000845 seconds.
Begin MonoManager ReloadAssembly
Native extension for WindowsStandalone target not found
Refreshing native plugins compatible for Editor in 0.25 ms, found 0 plugins.
Preloading 0 native plugins for Editor in 0.00 ms.
Invoked RoslynAnalysisRunner static constructor.
RoslynAnalysisRunner will not be running.
RoslynAnalysisRunner has terminated.
Mono: successfully reloaded assembly
- Completed reload, in  1.329 seconds
Platform modules already initialized, skipping
Shader 'SimpleURPToonLitExample(With Outline)': fallback shader 'Hidden/Universal Render Pipeline/FallbackError' not found
Shader 'SimpleURPToonLitExample(With Outline)': fallback shader 'Hidden/Universal Render Pipeline/FallbackError' not found
Refreshing native plugins compatible for Editor in 0.45 ms, found 0 plugins.
Preloading 0 native plugins for Editor in 0.00 ms.
Unloading 1137 Unused Serialized files (Serialized files now loaded: 0)
System memory in use before: 63.3 MB.
System memory in use after: 62.7 MB.

Unloading 20 unused Assets to reduce memory usage. Loaded Objects now: 1638.
Total: 3.068700 ms (FindLiveObjects: 0.771700 ms CreateObjectMapping: 0.117500 ms MarkObjects: 1.675900 ms  DeleteObjects: 0.501300 ms)

========================================================================
Received Prepare
Registering precompiled user dll's ...
Registered in 0.001061 seconds.
Begin MonoManager ReloadAssembly
Native extension for WindowsStandalone target not found
Refreshing native plugins compatible for Editor in 1.02 ms, found 0 plugins.
Preloading 0 native plugins for Editor in 0.00 ms.
Invoked RoslynAnalysisRunner static constructor.
RoslynAnalysisRunner will not be running.
RoslynAnalysisRunner has terminated.
Mono: successfully reloaded assembly
- Completed reload, in  2.508 seconds
Platform modules already initialized, skipping
Shader 'SimpleURPToonLitExample(With Outline)': fallback shader 'Hidden/Universal Render Pipeline/FallbackError' not found
Shader 'SimpleURPToonLitExample(With Outline)': fallback shader 'Hidden/Universal Render Pipeline/FallbackError' not found
Refreshing native plugins compatible for Editor in 1.08 ms, found 0 plugins.
Preloading 0 native plugins for Editor in 0.00 ms.
Unloading 1137 Unused Serialized files (Serialized files now loaded: 0)
System memory in use before: 63.3 MB.
System memory in use after: 62.7 MB.

Unloading 19 unused Assets to reduce memory usage. Loaded Objects now: 1641.
Total: 6.066500 ms (FindLiveObjects: 0.620800 ms CreateObjectMapping: 0.175600 ms MarkObjects: 4.748300 ms  DeleteObjects: 0.519800 ms)

========================================================================
Received Prepare
Registering precompiled user dll's ...
Registered in 0.001067 seconds.
Begin MonoManager ReloadAssembly
Native extension for WindowsStandalone target not found
Refreshing native plugins compatible for Editor in 3.08 ms, found 0 plugins.
Preloading 0 native plugins for Editor in 0.00 ms.
Invoked RoslynAnalysisRunner static constructor.
RoslynAnalysisRunner will not be running.
RoslynAnalysisRunner has terminated.
Mono: successfully reloaded assembly
- Completed reload, in  3.154 seconds
Platform modules already initialized, skipping
Shader 'SimpleURPToonLitExample(With Outline)': fallback shader 'Hidden/Universal Render Pipeline/FallbackError' not found
Shader 'SimpleURPToonLitExample(With Outline)': fallback shader 'Hidden/Universal Render Pipeline/FallbackError' not found
Refreshing native plugins compatible for Editor in 0.36 ms, found 0 plugins.
Preloading 0 native plugins for Editor in 0.00 ms.
Unloading 1137 Unused Serialized files (Serialized files now loaded: 0)
System memory in use before: 63.3 MB.
System memory in use after: 62.7 MB.

Unloading 19 unused Assets to reduce memory usage. Loaded Objects now: 1644.
Total: 5.625900 ms (FindLiveObjects: 0.290800 ms CreateObjectMapping: 0.304900 ms MarkObjects: 2.974500 ms  DeleteObjects: 2.053500 ms)

========================================================================
Received Prepare
Registering precompiled user dll's ...
Registered in 0.000832 seconds.
Begin MonoManager ReloadAssembly
Native extension for WindowsStandalone target not found
Refreshing native plugins compatible for Editor in 0.38 ms, found 0 plugins.
Preloading 0 native plugins for Editor in 0.00 ms.
Invoked RoslynAnalysisRunner static constructor.
RoslynAnalysisRunner will not be running.
RoslynAnalysisRunner has terminated.
Mono: successfully reloaded assembly
- Completed reload, in  1.249 seconds
Platform modules already initialized, skipping
Shader 'SimpleURPToonLitExample(With Outline)': fallback shader 'Hidden/Universal Render Pipeline/FallbackError' not found
Shader 'SimpleURPToonLitExample(With Outline)': fallback shader 'Hidden/Universal Render Pipeline/FallbackError' not found
Refreshing native plugins compatible for Editor in 0.39 ms, found 0 plugins.
Preloading 0 native plugins for Editor in 0.00 ms.
Unloading 1137 Unused Serialized files (Serialized files now loaded: 0)
System memory in use before: 63.4 MB.
System memory in use after: 62.7 MB.

Unloading 19 unused Assets to reduce memory usage. Loaded Objects now: 1647.
Total: 3.168500 ms (FindLiveObjects: 0.440800 ms CreateObjectMapping: 0.205600 ms MarkObjects: 2.081600 ms  DeleteObjects: 0.438600 ms)

========================================================================
Received Prepare
Registering precompiled user dll's ...
Registered in 0.001084 seconds.
Begin MonoManager ReloadAssembly
Native extension for WindowsStandalone target not found
Refreshing native plugins compatible for Editor in 0.54 ms, found 0 plugins.
Preloading 0 native plugins for Editor in 0.00 ms.
Invoked RoslynAnalysisRunner static constructor.
RoslynAnalysisRunner will not be running.
RoslynAnalysisRunner has terminated.
Mono: successfully reloaded assembly
- Completed reload, in  2.694 seconds
Platform modules already initialized, skipping
Shader 'SimpleURPToonLitExample(With Outline)': fallback shader 'Hidden/Universal Render Pipeline/FallbackError' not found
Shader 'SimpleURPToonLitExample(With Outline)': fallback shader 'Hidden/Universal Render Pipeline/FallbackError' not found
Refreshing native plugins compatible for Editor in 0.49 ms, found 0 plugins.
Preloading 0 native plugins for Editor in 0.00 ms.
Unloading 1137 Unused Serialized files (Serialized files now loaded: 0)
System memory in use before: 63.3 MB.
System memory in use after: 62.7 MB.

Unloading 19 unused Assets to reduce memory usage. Loaded Objects now: 1650.
Total: 3.536200 ms (FindLiveObjects: 0.252500 ms CreateObjectMapping: 0.089900 ms MarkObjects: 2.478400 ms  DeleteObjects: 0.713400 ms)

========================================================================
Received Prepare
Registering precompiled user dll's ...
Registered in 0.001348 seconds.
Begin MonoManager ReloadAssembly
Native extension for WindowsStandalone target not found
Refreshing native plugins compatible for Editor in 0.33 ms, found 0 plugins.
Preloading 0 native plugins for Editor in 0.00 ms.
Invoked RoslynAnalysisRunner static constructor.
RoslynAnalysisRunner will not be running.
RoslynAnalysisRunner has terminated.
Mono: successfully reloaded assembly
- Completed reload, in  1.032 seconds
Platform modules already initialized, skipping
Shader 'SimpleURPToonLitExample(With Outline)': fallback shader 'Hidden/Universal Render Pipeline/FallbackError' not found
Shader 'SimpleURPToonLitExample(With Outline)': fallback shader 'Hidden/Universal Render Pipeline/FallbackError' not found
Refreshing native plugins compatible for Editor in 0.23 ms, found 0 plugins.
Preloading 0 native plugins for Editor in 0.00 ms.
Unloading 1137 Unused Serialized files (Serialized files now loaded: 0)
System memory in use before: 63.4 MB.
System memory in use after: 62.7 MB.

Unloading 19 unused Assets to reduce memory usage. Loaded Objects now: 1653.
Total: 2.469300 ms (FindLiveObjects: 0.252100 ms CreateObjectMapping: 0.095800 ms MarkObjects: 1.683500 ms  DeleteObjects: 0.435900 ms)

========================================================================
Received Import Request.
  Time since last request: 1889.307904 seconds.
  path: Assets/Scripts/PausarJuego.cs
  artifactKey: Guid(9af1cf4628d55e147979e58b4d2522f9) Importer(815301076,1909f56bfc062723c751e8b465ee728b)
Start importing Assets/Scripts/PausarJuego.cs using Guid(9af1cf4628d55e147979e58b4d2522f9) Importer(815301076,1909f56bfc062723c751e8b465ee728b)  -> (artifact id: '44c2f40791e0ccfe5f0b103530e16f27') in 0.017639 seconds
  Import took 0.023190 seconds .

========================================================================
Received Import Request.
  Time since last request: 0.057126 seconds.
  path: Assets/Scripts/PausarJuego.cs
  artifactKey: Guid(9af1cf4628d55e147979e58b4d2522f9) Importer(815301076,1909f56bfc062723c751e8b465ee728b)
Start importing Assets/Scripts/PausarJuego.cs using Guid(9af1cf4628d55e147979e58b4d2522f9) Importer(815301076,1909f56bfc062723c751e8b465ee728b)  -> (artifact id: '44c2f40791e0ccfe5f0b103530e16f27') in 0.015477 seconds
  Import took 0.021759 seconds .

========================================================================
Received Prepare
Registering precompiled user dll's ...
Registered in 0.001071 seconds.
Begin MonoManager ReloadAssembly
Native extension for WindowsStandalone target not found
Refreshing native plugins compatible for Editor in 0.22 ms, found 0 plugins.
Preloading 0 native plugins for Editor in 0.00 ms.
Invoked RoslynAnalysisRunner static constructor.
RoslynAnalysisRunner will not be running.
RoslynAnalysisRunner has terminated.
Mono: successfully reloaded assembly
- Completed reload, in  1.259 seconds
Platform modules already initialized, skipping
Shader 'SimpleURPToonLitExample(With Outline)': fallback shader 'Hidden/Universal Render Pipeline/FallbackError' not found
Shader 'SimpleURPToonLitExample(With Outline)': fallback shader 'Hidden/Universal Render Pipeline/FallbackError' not found
Refreshing native plugins compatible for Editor in 0.21 ms, found 0 plugins.
Preloading 0 native plugins for Editor in 0.00 ms.
Unloading 1138 Unused Serialized files (Serialized files now loaded: 0)
System memory in use before: 63.4 MB.
System memory in use after: 62.8 MB.

Unloading 19 unused Assets to reduce memory usage. Loaded Objects now: 1657.
Total: 2.261700 ms (FindLiveObjects: 0.169000 ms CreateObjectMapping: 0.046200 ms MarkObjects: 1.604500 ms  DeleteObjects: 0.441100 ms)

AssetImportWorkerClient::OnTransportError - code=2 error=End of file
